<?xml version="1.0" encoding="UTF-8"?>
<testsuite xmlns:xsi="http://www.w3.org/2001/XMLSchema-instance" xsi:noNamespaceSchemaLocation="https://maven.apache.org/surefire/maven-surefire-plugin/xsd/surefire-test-report-3.0.xsd" version="3.0" name="ecse428.RunCucumberTest" time="1.659" tests="8" errors="0" skipped="0" failures="0">
  <properties>
    <property name="java.specification.version" value="21"/>
    <property name="sun.jnu.encoding" value="UTF-8"/>
    <property name="java.class.path" value="/Users/habibjarweh/ECSE428-PROJECT/acceptance-tests/target/test-classes:/Users/habibjarweh/ECSE428-PROJECT/acceptance-tests/target/classes:/Users/habibjarweh/.m2/repository/io/cucumber/cucumber-java/7.15.0/cucumber-java-7.15.0.jar:/Users/habibjarweh/.m2/repository/io/cucumber/cucumber-core/7.15.0/cucumber-core-7.15.0.jar:/Users/habibjarweh/.m2/repository/io/cucumber/cucumber-gherkin/7.15.0/cucumber-gherkin-7.15.0.jar:/Users/habibjarweh/.m2/repository/io/cucumber/cucumber-gherkin-messages/7.15.0/cucumber-gherkin-messages-7.15.0.jar:/Users/habibjarweh/.m2/repository/io/cucumber/gherkin/26.2.0/gherkin-26.2.0.jar:/Users/habibjarweh/.m2/repository/io/cucumber/messages/22.0.0/messages-22.0.0.jar:/Users/habibjarweh/.m2/repository/io/cucumber/tag-expressions/6.0.0/tag-expressions-6.0.0.jar:/Users/habibjarweh/.m2/repository/io/cucumber/cucumber-expressions/17.0.1/cucumber-expressions-17.0.1.jar:/Users/habibjarweh/.m2/repository/io/cucumber/datatable/7.15.0/datatable-7.15.0.jar:/Users/habibjarweh/.m2/repository/io/cucumber/cucumber-plugin/7.15.0/cucumber-plugin-7.15.0.jar:/Users/habibjarweh/.m2/repository/io/cucumber/docstring/7.15.0/docstring-7.15.0.jar:/Users/habibjarweh/.m2/repository/io/cucumber/html-formatter/20.4.0/html-formatter-20.4.0.jar:/Users/habibjarweh/.m2/repository/io/cucumber/junit-xml-formatter/0.2.0/junit-xml-formatter-0.2.0.jar:/Users/habibjarweh/.m2/repository/io/cucumber/ci-environment/10.0.0/ci-environment-10.0.0.jar:/Users/habibjarweh/.m2/repository/org/apiguardian/apiguardian-api/1.1.2/apiguardian-api-1.1.2.jar:/Users/habibjarweh/.m2/repository/io/cucumber/cucumber-junit-platform-engine/7.15.0/cucumber-junit-platform-engine-7.15.0.jar:/Users/habibjarweh/.m2/repository/org/junit/platform/junit-platform-engine/1.10.1/junit-platform-engine-1.10.1.jar:/Users/habibjarweh/.m2/repository/org/opentest4j/opentest4j/1.3.0/opentest4j-1.3.0.jar:/Users/habibjarweh/.m2/repository/org/junit/platform/junit-platform-commons/1.10.1/junit-platform-commons-1.10.1.jar:/Users/habibjarweh/.m2/repository/org/junit/platform/junit-platform-suite/1.10.1/junit-platform-suite-1.10.1.jar:/Users/habibjarweh/.m2/repository/org/junit/platform/junit-platform-suite-api/1.10.1/junit-platform-suite-api-1.10.1.jar:/Users/habibjarweh/.m2/repository/org/junit/platform/junit-platform-suite-engine/1.10.1/junit-platform-suite-engine-1.10.1.jar:/Users/habibjarweh/.m2/repository/org/junit/platform/junit-platform-suite-commons/1.10.1/junit-platform-suite-commons-1.10.1.jar:/Users/habibjarweh/.m2/repository/org/junit/platform/junit-platform-launcher/1.10.1/junit-platform-launcher-1.10.1.jar:/Users/habibjarweh/.m2/repository/org/junit/jupiter/junit-jupiter/5.10.1/junit-jupiter-5.10.1.jar:/Users/habibjarweh/.m2/repository/org/junit/jupiter/junit-jupiter-api/5.10.1/junit-jupiter-api-5.10.1.jar:/Users/habibjarweh/.m2/repository/org/junit/jupiter/junit-jupiter-params/5.10.1/junit-jupiter-params-5.10.1.jar:/Users/habibjarweh/.m2/repository/org/junit/jupiter/junit-jupiter-engine/5.10.1/junit-jupiter-engine-5.10.1.jar:/Users/habibjarweh/.m2/repository/junit/junit/4.13/junit-4.13.jar:/Users/habibjarweh/.m2/repository/org/hamcrest/hamcrest-core/1.3/hamcrest-core-1.3.jar:/Users/habibjarweh/.m2/repository/com/konghq/unirest-java/3.11.01/unirest-java-3.11.01.jar:/Users/habibjarweh/.m2/repository/org/apache/httpcomponents/httpclient/4.5.13/httpclient-4.5.13.jar:/Users/habibjarweh/.m2/repository/org/apache/httpcomponents/httpcore/4.4.13/httpcore-4.4.13.jar:/Users/habibjarweh/.m2/repository/commons-logging/commons-logging/1.2/commons-logging-1.2.jar:/Users/habibjarweh/.m2/repository/org/apache/httpcomponents/httpmime/4.5.13/httpmime-4.5.13.jar:/Users/habibjarweh/.m2/repository/org/apache/httpcomponents/httpcore-nio/4.4.13/httpcore-nio-4.4.13.jar:/Users/habibjarweh/.m2/repository/org/apache/httpcomponents/httpasyncclient/4.1.4/httpasyncclient-4.1.4.jar:/Users/habibjarweh/.m2/repository/com/google/code/gson/gson/2.8.6/gson-2.8.6.jar:/Users/habibjarweh/.m2/repository/org/apache/commons/commons-text/1.9/commons-text-1.9.jar:/Users/habibjarweh/.m2/repository/org/apache/commons/commons-lang3/3.11/commons-lang3-3.11.jar:/Users/habibjarweh/.m2/repository/org/apache/httpcomponents/client5/httpclient5/5.1/httpclient5-5.1.jar:/Users/habibjarweh/.m2/repository/org/apache/httpcomponents/core5/httpcore5/5.1.1/httpcore5-5.1.1.jar:/Users/habibjarweh/.m2/repository/org/apache/httpcomponents/core5/httpcore5-h2/5.1.1/httpcore5-h2-5.1.1.jar:/Users/habibjarweh/.m2/repository/org/slf4j/slf4j-api/1.7.25/slf4j-api-1.7.25.jar:/Users/habibjarweh/.m2/repository/commons-codec/commons-codec/1.15/commons-codec-1.15.jar:"/>
    <property name="java.vm.vendor" value="Homebrew"/>
    <property name="sun.arch.data.model" value="64"/>
    <property name="java.vendor.url" value="https://github.com/Homebrew/homebrew-core/issues"/>
    <property name="user.timezone" value="America/Toronto"/>
    <property name="os.name" value="Mac OS X"/>
    <property name="java.vm.specification.version" value="21"/>
    <property name="sun.java.launcher" value="SUN_STANDARD"/>
    <property name="user.country" value="CA"/>
    <property name="sun.boot.library.path" value="/usr/local/Cellar/openjdk/21.0.1/libexec/openjdk.jdk/Contents/Home/lib"/>
    <property name="sun.java.command" value="/Users/habibjarweh/ECSE428-PROJECT/acceptance-tests/target/surefire/surefirebooter-20240219195041397_3.jar /Users/habibjarweh/ECSE428-PROJECT/acceptance-tests/target/surefire 2024-02-19T19-50-41_325-jvmRun1 surefire-20240219195041397_1tmp surefire_0-20240219195041397_2tmp"/>
    <property name="http.nonProxyHosts" value="local|*.local|169.254/16|*.169.254/16"/>
    <property name="jdk.debug" value="release"/>
    <property name="surefire.test.class.path" value="/Users/habibjarweh/ECSE428-PROJECT/acceptance-tests/target/test-classes:/Users/habibjarweh/ECSE428-PROJECT/acceptance-tests/target/classes:/Users/habibjarweh/.m2/repository/io/cucumber/cucumber-java/7.15.0/cucumber-java-7.15.0.jar:/Users/habibjarweh/.m2/repository/io/cucumber/cucumber-core/7.15.0/cucumber-core-7.15.0.jar:/Users/habibjarweh/.m2/repository/io/cucumber/cucumber-gherkin/7.15.0/cucumber-gherkin-7.15.0.jar:/Users/habibjarweh/.m2/repository/io/cucumber/cucumber-gherkin-messages/7.15.0/cucumber-gherkin-messages-7.15.0.jar:/Users/habibjarweh/.m2/repository/io/cucumber/gherkin/26.2.0/gherkin-26.2.0.jar:/Users/habibjarweh/.m2/repository/io/cucumber/messages/22.0.0/messages-22.0.0.jar:/Users/habibjarweh/.m2/repository/io/cucumber/tag-expressions/6.0.0/tag-expressions-6.0.0.jar:/Users/habibjarweh/.m2/repository/io/cucumber/cucumber-expressions/17.0.1/cucumber-expressions-17.0.1.jar:/Users/habibjarweh/.m2/repository/io/cucumber/datatable/7.15.0/datatable-7.15.0.jar:/Users/habibjarweh/.m2/repository/io/cucumber/cucumber-plugin/7.15.0/cucumber-plugin-7.15.0.jar:/Users/habibjarweh/.m2/repository/io/cucumber/docstring/7.15.0/docstring-7.15.0.jar:/Users/habibjarweh/.m2/repository/io/cucumber/html-formatter/20.4.0/html-formatter-20.4.0.jar:/Users/habibjarweh/.m2/repository/io/cucumber/junit-xml-formatter/0.2.0/junit-xml-formatter-0.2.0.jar:/Users/habibjarweh/.m2/repository/io/cucumber/ci-environment/10.0.0/ci-environment-10.0.0.jar:/Users/habibjarweh/.m2/repository/org/apiguardian/apiguardian-api/1.1.2/apiguardian-api-1.1.2.jar:/Users/habibjarweh/.m2/repository/io/cucumber/cucumber-junit-platform-engine/7.15.0/cucumber-junit-platform-engine-7.15.0.jar:/Users/habibjarweh/.m2/repository/org/junit/platform/junit-platform-engine/1.10.1/junit-platform-engine-1.10.1.jar:/Users/habibjarweh/.m2/repository/org/opentest4j/opentest4j/1.3.0/opentest4j-1.3.0.jar:/Users/habibjarweh/.m2/repository/org/junit/platform/junit-platform-commons/1.10.1/junit-platform-commons-1.10.1.jar:/Users/habibjarweh/.m2/repository/org/junit/platform/junit-platform-suite/1.10.1/junit-platform-suite-1.10.1.jar:/Users/habibjarweh/.m2/repository/org/junit/platform/junit-platform-suite-api/1.10.1/junit-platform-suite-api-1.10.1.jar:/Users/habibjarweh/.m2/repository/org/junit/platform/junit-platform-suite-engine/1.10.1/junit-platform-suite-engine-1.10.1.jar:/Users/habibjarweh/.m2/repository/org/junit/platform/junit-platform-suite-commons/1.10.1/junit-platform-suite-commons-1.10.1.jar:/Users/habibjarweh/.m2/repository/org/junit/platform/junit-platform-launcher/1.10.1/junit-platform-launcher-1.10.1.jar:/Users/habibjarweh/.m2/repository/org/junit/jupiter/junit-jupiter/5.10.1/junit-jupiter-5.10.1.jar:/Users/habibjarweh/.m2/repository/org/junit/jupiter/junit-jupiter-api/5.10.1/junit-jupiter-api-5.10.1.jar:/Users/habibjarweh/.m2/repository/org/junit/jupiter/junit-jupiter-params/5.10.1/junit-jupiter-params-5.10.1.jar:/Users/habibjarweh/.m2/repository/org/junit/jupiter/junit-jupiter-engine/5.10.1/junit-jupiter-engine-5.10.1.jar:/Users/habibjarweh/.m2/repository/junit/junit/4.13/junit-4.13.jar:/Users/habibjarweh/.m2/repository/org/hamcrest/hamcrest-core/1.3/hamcrest-core-1.3.jar:/Users/habibjarweh/.m2/repository/com/konghq/unirest-java/3.11.01/unirest-java-3.11.01.jar:/Users/habibjarweh/.m2/repository/org/apache/httpcomponents/httpclient/4.5.13/httpclient-4.5.13.jar:/Users/habibjarweh/.m2/repository/org/apache/httpcomponents/httpcore/4.4.13/httpcore-4.4.13.jar:/Users/habibjarweh/.m2/repository/commons-logging/commons-logging/1.2/commons-logging-1.2.jar:/Users/habibjarweh/.m2/repository/org/apache/httpcomponents/httpmime/4.5.13/httpmime-4.5.13.jar:/Users/habibjarweh/.m2/repository/org/apache/httpcomponents/httpcore-nio/4.4.13/httpcore-nio-4.4.13.jar:/Users/habibjarweh/.m2/repository/org/apache/httpcomponents/httpasyncclient/4.1.4/httpasyncclient-4.1.4.jar:/Users/habibjarweh/.m2/repository/com/google/code/gson/gson/2.8.6/gson-2.8.6.jar:/Users/habibjarweh/.m2/repository/org/apache/commons/commons-text/1.9/commons-text-1.9.jar:/Users/habibjarweh/.m2/repository/org/apache/commons/commons-lang3/3.11/commons-lang3-3.11.jar:/Users/habibjarweh/.m2/repository/org/apache/httpcomponents/client5/httpclient5/5.1/httpclient5-5.1.jar:/Users/habibjarweh/.m2/repository/org/apache/httpcomponents/core5/httpcore5/5.1.1/httpcore5-5.1.1.jar:/Users/habibjarweh/.m2/repository/org/apache/httpcomponents/core5/httpcore5-h2/5.1.1/httpcore5-h2-5.1.1.jar:/Users/habibjarweh/.m2/repository/org/slf4j/slf4j-api/1.7.25/slf4j-api-1.7.25.jar:/Users/habibjarweh/.m2/repository/commons-codec/commons-codec/1.15/commons-codec-1.15.jar:"/>
    <property name="sun.cpu.endian" value="little"/>
    <property name="user.home" value="/Users/habibjarweh"/>
    <property name="user.language" value="en"/>
    <property name="java.specification.vendor" value="Oracle Corporation"/>
    <property name="java.version.date" value="2023-10-17"/>
    <property name="java.home" value="/usr/local/Cellar/openjdk/21.0.1/libexec/openjdk.jdk/Contents/Home"/>
    <property name="file.separator" value="/"/>
    <property name="basedir" value="/Users/habibjarweh/ECSE428-PROJECT/acceptance-tests"/>
    <property name="java.vm.compressedOopsMode" value="Zero based"/>
    <property name="line.separator" value="&#10;"/>
    <property name="java.vm.specification.vendor" value="Oracle Corporation"/>
    <property name="java.specification.name" value="Java Platform API Specification"/>
    <property name="apple.awt.application.name" value="ForkedBooter"/>
    <property name="surefire.real.class.path" value="/Users/habibjarweh/ECSE428-PROJECT/acceptance-tests/target/surefire/surefirebooter-20240219195041397_3.jar"/>
    <property name="sun.management.compiler" value="HotSpot 64-Bit Tiered Compilers"/>
    <property name="ftp.nonProxyHosts" value="local|*.local|169.254/16|*.169.254/16"/>
    <property name="java.runtime.version" value="21.0.1"/>
    <property name="user.name" value="habibjarweh"/>
    <property name="stdout.encoding" value="UTF-8"/>
    <property name="path.separator" value=":"/>
    <property name="os.version" value="13.4"/>
    <property name="java.runtime.name" value="OpenJDK Runtime Environment"/>
    <property name="file.encoding" value="UTF-8"/>
    <property name="java.vm.name" value="OpenJDK 64-Bit Server VM"/>
    <property name="java.vendor.version" value="Homebrew"/>
    <property name="localRepository" value="/Users/habibjarweh/.m2/repository"/>
    <property name="java.vendor.url.bug" value="https://github.com/Homebrew/homebrew-core/issues"/>
    <property name="java.io.tmpdir" value="/var/folders/sq/xjghhj314v330fx6srpz3mwm0000gn/T/"/>
    <property name="java.version" value="21.0.1"/>
    <property name="user.dir" value="/Users/habibjarweh/ECSE428-PROJECT/acceptance-tests"/>
    <property name="os.arch" value="x86_64"/>
    <property name="java.vm.specification.name" value="Java Virtual Machine Specification"/>
    <property name="native.encoding" value="UTF-8"/>
    <property name="java.library.path" value="/Users/habibjarweh/Library/Java/Extensions:/Library/Java/Extensions:/Network/Library/Java/Extensions:/System/Library/Java/Extensions:/usr/lib/java:."/>
    <property name="java.vm.info" value="mixed mode, sharing"/>
    <property name="stderr.encoding" value="UTF-8"/>
    <property name="java.vendor" value="Homebrew"/>
    <property name="java.vm.version" value="21.0.1"/>
    <property name="sun.io.unicode.encoding" value="UnicodeBig"/>
    <property name="socksNonProxyHosts" value="local|*.local|169.254/16|*.169.254/16"/>
    <property name="java.class.version" value="65.0"/>
  </properties>
  <testcase name="Successful Sign-In" classname="SmartEats User Sign In" time="0.646">
    <system-out><![CDATA[
Scenario: Successful Sign-In                  &amp#27;[90m# ecse428/Sign_In.feature:7&amp#27;[0m
  &amp#27;[32mGiven &amp#27;[0m&amp#27;[32mthe backend is running&amp#27;[0m                &amp#27;[90m# ecse428.StepDefinition.theAPIServerIsRunning()&amp#27;[0m
  &amp#27;[32mAnd &amp#27;[0m&amp#27;[32mthe SmartEats sign-in page is accessed&amp#27;[0m  &amp#27;[90m# ecse428.features.SignInFeature.theSmartEatsSignInPageIsAccessed()&amp#27;[0m
  &amp#27;[32mWhen &amp#27;[0m&amp#27;[32ma valid email and password are entered&amp#27;[0m &amp#27;[90m# ecse428.features.SignInFeature.aValidEmailAndPasswordAreEntered()&amp#27;[0m
  &amp#27;[32mAnd &amp#27;[0m&amp#27;[32mthe sign-in form is submitted&amp#27;[0m           &amp#27;[90m# ecse428.features.SignInFeature.theSignInFormIsSubmitted()&amp#27;[0m
  &amp#27;[32mThen &amp#27;[0m&amp#27;[32msign-in should be successful&amp#27;[0m           &amp#27;[90m# ecse428.features.SignInFeature.signInShouldBeSuccessful()&amp#27;[0m
]]></system-out>
  </testcase>
  <testcase name="Sign-In with Incorrect Credentials" classname="SmartEats User Sign In" time="0.152">
    <system-out><![CDATA[
Scenario: Sign-In with Incorrect Credentials                                &amp#27;[90m# ecse428/Sign_In.feature:14&amp#27;[0m
  &amp#27;[32mGiven &amp#27;[0m&amp#27;[32mthe SmartEats sign-in page is accessed&amp#27;[0m                              &amp#27;[90m# ecse428.features.SignInFeature.theSmartEatsSignInPageIsAccessed()&amp#27;[0m
  &amp#27;[32mWhen &amp#27;[0m&amp#27;[32man incorrect email or password is used to sign in&amp#27;[0m                    &amp#27;[90m# ecse428.features.SignInFeature.anIncorrectEmailOrPasswordIsUsedToSignIn()&amp#27;[0m
  &amp#27;[32mThen &amp#27;[0m&amp#27;[32man error message indicating incorrect credentials should be received&amp#27;[0m &amp#27;[90m# ecse428.features.SignInFeature.anErrorMessageIndicatingIncorrectCredentialsShouldBeReceived()&amp#27;[0m
]]></system-out>
  </testcase>
  <testcase name="Sign-In with Unregistered Email" classname="SmartEats User Sign In" time="0.162">
    <system-out><![CDATA[
Scenario: Sign-In with Unregistered Email                                         &amp#27;[90m# ecse428/Sign_In.feature:19&amp#27;[0m
  &amp#27;[32mGiven &amp#27;[0m&amp#27;[32mthe SmartEats sign-in page is accessed&amp#27;[0m                                    &amp#27;[90m# ecse428.features.SignInFeature.theSmartEatsSignInPageIsAccessed()&amp#27;[0m
  &amp#27;[32mWhen &amp#27;[0m&amp#27;[32man unregistered email is used to sign in&amp#27;[0m                                   &amp#27;[90m# ecse428.features.SignInFeature.anUnregisteredEmailIsUsedToSignIn()&amp#27;[0m
  &amp#27;[32mAnd &amp#27;[0m&amp#27;[32mthe sign-in form is submitted&amp#27;[0m                                               &amp#27;[90m# ecse428.features.SignInFeature.theSignInFormIsSubmitted()&amp#27;[0m
  &amp#27;[32mThen &amp#27;[0m&amp#27;[32man error message indicating that the account is invalid should be received&amp#27;[0m &amp#27;[90m# ecse428.features.SignInFeature.anErrorMessageIndicatingThatTheAccountIsInvalidShouldBeReceived()&amp#27;[0m
]]></system-out>
  </testcase>
  <testcase name="Sign-In with a Deactivated Account" classname="SmartEats User Sign In" time="0.036">
    <system-out><![CDATA[
Scenario: Sign-In with a Deactivated Account                                           &amp#27;[90m# ecse428/Sign_In.feature:25&amp#27;[0m
  &amp#27;[32mGiven &amp#27;[0m&amp#27;[32mthe SmartEats sign-in page is accessed&amp#27;[0m                                         &amp#27;[90m# ecse428.features.SignInFeature.theSmartEatsSignInPageIsAccessed()&amp#27;[0m
  &amp#27;[32mWhen &amp#27;[0m&amp#27;[32ma deactivated account's email is used to sign in&amp#27;[0m                                &amp#27;[90m# ecse428.features.SignInFeature.aDeactivatedAccountsEmailIsUsedToSignIn()&amp#27;[0m
  &amp#27;[32mAnd &amp#27;[0m&amp#27;[32mthe sign-in form is submitted&amp#27;[0m                                                    &amp#27;[90m# ecse428.features.SignInFeature.theSignInFormIsSubmitted()&amp#27;[0m
  &amp#27;[32mThen &amp#27;[0m&amp#27;[32man error message indicating the account has been deactivated should be received&amp#27;[0m &amp#27;[90m# ecse428.features.SignInFeature.anErrorMessageIndicatingTheAccountHasBeenDeactivatedShouldBeReceived()&amp#27;[0m
]]></system-out>
  </testcase>
  <testcase name="Successful Account Creation" classname="SmartEats User Account Creation" time="0.378">
    <system-out><![CDATA[
Scenario: Successful Account Creation             &amp#27;[90m# ecse428/Sign_Up.feature:7&amp#27;[0m
  &amp#27;[32mGiven &amp#27;[0m&amp#27;[32mthe backend is running&amp#27;[0m                    &amp#27;[90m# ecse428.StepDefinition.theAPIServerIsRunning()&amp#27;[0m
  &amp#27;[32mAnd &amp#27;[0m&amp#27;[32mthe SmartEats registration page is accessed&amp#27;[0m &amp#27;[90m# ecse428.features.SignUpFeature.theSmartEatsRegistrationPageIsAccessed()&amp#27;[0m
  &amp#27;[32mWhen &amp#27;[0m&amp#27;[32mentering valid registration details&amp#27;[0m        &amp#27;[90m# ecse428.features.SignUpFeature.enteringValidRegistrationDetails()&amp#27;[0m
  &amp#27;[32mAnd &amp#27;[0m&amp#27;[32mthe registration form is submitted&amp#27;[0m          &amp#27;[90m# ecse428.features.SignUpFeature.theRegistrationFormIsSubmitted()&amp#27;[0m
  &amp#27;[32mThen &amp#27;[0m&amp#27;[32mthe account should be successfully created&amp#27;[0m &amp#27;[90m# ecse428.features.SignUpFeature.theAccountShouldBeSuccessfullyCreated()&amp#27;[0m
]]></system-out>
  </testcase>
  <testcase name="Attempt to Create an Account with an Existing Email" classname="SmartEats User Account Creation" time="0.148">
    <system-out><![CDATA[
Scenario: Attempt to Create an Account with an Existing Email                   &amp#27;[90m# ecse428/Sign_Up.feature:15&amp#27;[0m
  &amp#27;[32mGiven &amp#27;[0m&amp#27;[32mthe SmartEats registration page is accessed&amp#27;[0m                             &amp#27;[90m# ecse428.features.SignUpFeature.theSmartEatsRegistrationPageIsAccessed()&amp#27;[0m
  &amp#27;[32mWhen &amp#27;[0m&amp#27;[32man email that is already associated with an existing account is entered&amp#27;[0m  &amp#27;[90m# ecse428.features.SignUpFeature.anEmailThatIsAlreadyAssociatedWithAnExistingAccountIsEntered()&amp#27;[0m
  &amp#27;[32mAnd &amp#27;[0m&amp#27;[32mthe registration form is submitted&amp#27;[0m                                        &amp#27;[90m# ecse428.features.SignUpFeature.theRegistrationFormIsSubmitted()&amp#27;[0m
  &amp#27;[32mThen &amp#27;[0m&amp#27;[32ma message indicating that the email is already in use should be received&amp#27;[0m &amp#27;[90m# ecse428.features.SignUpFeature.aMessageIndicatingThatTheEmailIsAlreadyInUseShouldBeReceived()&amp#27;[0m
]]></system-out>
  </testcase>
  <testcase name="Attempt to Create an Account with Invalid Email" classname="SmartEats User Account Creation" time="0.026">
    <system-out><![CDATA[
Scenario: Attempt to Create an Account with Invalid Email      &amp#27;[90m# ecse428/Sign_Up.feature:21&amp#27;[0m
  &amp#27;[32mGiven &amp#27;[0m&amp#27;[32mthe SmartEats registration page is accessed&amp#27;[0m            &amp#27;[90m# ecse428.features.SignUpFeature.theSmartEatsRegistrationPageIsAccessed()&amp#27;[0m
  &amp#27;[32mWhen &amp#27;[0m&amp#27;[32man incorrect email format is entered&amp#27;[0m                    &amp#27;[90m# ecse428.features.SignUpFeature.anIncorrectEmailFormatIsEntered()&amp#27;[0m
  &amp#27;[32mAnd &amp#27;[0m&amp#27;[32mthe registration form is submitted&amp#27;[0m                       &amp#27;[90m# ecse428.features.SignUpFeature.theRegistrationFormIsSubmitted()&amp#27;[0m
  &amp#27;[32mThen &amp#27;[0m&amp#27;[32ma message indicating invalid details should be received&amp#27;[0m &amp#27;[90m# ecse428.features.SignUpFeature.aMessageIndicatingInvalidDetailsShouldBeReceived()&amp#27;[0m
]]></system-out>
  </testcase>
  <testcase name="Attempt to Create an Account with Invalid Password" classname="SmartEats User Account Creation" time="0.009">
    <system-out><![CDATA[
Scenario: Attempt to Create an Account with Invalid Password    &amp#27;[90m# ecse428/Sign_Up.feature:27&amp#27;[0m
  &amp#27;[32mGiven &amp#27;[0m&amp#27;[32mthe SmartEats registration page is accessed&amp#27;[0m             &amp#27;[90m# ecse428.features.SignUpFeature.theSmartEatsRegistrationPageIsAccessed()&amp#27;[0m
  &amp#27;[32mWhen &amp#27;[0m&amp#27;[32man invalid password format is entered&amp#27;[0m                    &amp#27;[90m# ecse428.features.SignUpFeature.anInvalidPasswordFormatIsEntered()&amp#27;[0m
  &amp#27;[32mAnd &amp#27;[0m&amp#27;[32mthe registration form is submitted&amp#27;[0m                        &amp#27;[90m# ecse428.features.SignUpFeature.theRegistrationFormIsSubmitted()&amp#27;[0m
  &amp#27;[32mThen &amp#27;[0m&amp#27;[32ma message indicating invalid password should be received&amp#27;[0m &amp#27;[90m# ecse428.features.SignUpFeature.aMessageIndicatingInvalidPasswordShouldBeReceived()&amp#27;[0m
]]></system-out>
  </testcase>
</testsuite>